<?xml version="1.0" encoding="UTF-8"?>
<!-- Generated by org.testng.reporters.JUnitReportReporter -->
<testsuite hostname="Diegos-MacBook-Pro.local" failures="0" tests="2" name="testcases.TestCase3" time="0.002" errors="0" timestamp="2020-09-25T16:00:33 BRT" skipped="0">
  <testcase classname="testcases.TestCase3" name="doUserReg" time="0.001"/>
  <testcase classname="testcases.TestCase3" name="doLogin" time="0.001"/>
</testsuite> <!-- testcases.TestCase3 -->
