<?xml version="1.0" encoding="UTF-8"?>
<!-- Generated by org.testng.reporters.JUnitReportReporter -->
<testsuite hostname="Diegos-MacBook-Pro.local" failures="0" tests="3" name="InvestimentoPoupancaQA.DemomavenEclipseProject.AppTest" time="0.005" errors="0" timestamp="2020-09-24T18:17:15 BRT" skipped="0">
  <testcase classname="InvestimentoPoupancaQA.DemomavenEclipseProject.AppTest" name="shouldAnswerWithTrue" time="0.001"/>
  <testcase classname="InvestimentoPoupancaQA.DemomavenEclipseProject.AppTest" name="shouldAnswerWithTrue" time="0.003"/>
  <testcase classname="InvestimentoPoupancaQA.DemomavenEclipseProject.AppTest" name="shouldAnswerWithTrue" time="0.001"/>
</testsuite> <!-- InvestimentoPoupancaQA.DemomavenEclipseProject.AppTest -->
