<?xml version="1.0" encoding="UTF-8"?>
<!-- Generated by org.testng.reporters.JUnitReportReporter -->
<testsuite hostname="Diegos-MacBook-Pro.local" failures="0" tests="1" name="InvestimentoPoupancaQA.DemomavenEclipseProject.AppTest" time="0.002" errors="0" timestamp="2020-09-25T16:26:27 BRT" skipped="0">
  <testcase classname="InvestimentoPoupancaQA.DemomavenEclipseProject.AppTest" name="shouldAnswerWithTrue" time="0.002"/>
</testsuite> <!-- InvestimentoPoupancaQA.DemomavenEclipseProject.AppTest -->
