<?xml version="1.0" encoding="UTF-8"?>
<!-- Generated by org.testng.reporters.JUnitReportReporter -->
<testsuite hostname="Diegos-MacBook-Pro.local" failures="0" tests="2" name="testcases.TestCase1" time="0.008" errors="0" timestamp="2020-09-25T15:51:01 BRT" skipped="0">
  <testcase classname="testcases.TestCase1" name="doUserReg" time="0.006"/>
  <testcase classname="testcases.TestCase1" name="doLogin" time="0.002"/>
</testsuite> <!-- testcases.TestCase1 -->
